2023-11-10T12:12:20.469+05:30  INFO 269947 --- [main] com.example.demo2.Demo2Application       : Starting Demo2Application using Java 17.0.8.1 with PID 269947 (/home/priyanshu/demo2/target/classes started by priyanshu in /home/priyanshu/demo2)
2023-11-10T12:12:20.493+05:30  INFO 269947 --- [main] com.example.demo2.Demo2Application       : No active profile set, falling back to 1 default profile: "default"
2023-11-10T12:12:23.776+05:30  INFO 269947 --- [main] o.s.b.w.embedded.tomcat.TomcatWebServer  : Tomcat initialized with port(s): 8081 (http)
2023-11-10T12:12:23.797+05:30  INFO 269947 --- [main] o.apache.catalina.core.StandardService   : Starting service [Tomcat]
2023-11-10T12:12:23.800+05:30  INFO 269947 --- [main] o.apache.catalina.core.StandardEngine    : Starting Servlet engine: [Apache Tomcat/10.1.15]
2023-11-10T12:12:24.184+05:30  INFO 269947 --- [main] o.a.c.c.C.[Tomcat].[localhost].[/]       : Initializing Spring embedded WebApplicationContext
2023-11-10T12:12:24.190+05:30  INFO 269947 --- [main] w.s.c.ServletWebServerApplicationContext : Root WebApplicationContext: initialization completed in 3405 ms
2023-11-10T12:12:26.263+05:30  INFO 269947 --- [main] o.s.b.a.e.web.EndpointLinksResolver      : Exposing 1 endpoint(s) beneath base path '/actuator'
2023-11-10T12:12:26.409+05:30  INFO 269947 --- [RMI TCP Connection(1)-127.0.0.1] o.a.c.c.C.[Tomcat].[localhost].[/]       : Initializing Spring DispatcherServlet 'dispatcherServlet'
2023-11-10T12:12:26.421+05:30  INFO 269947 --- [RMI TCP Connection(1)-127.0.0.1] o.s.web.servlet.DispatcherServlet        : Initializing Servlet 'dispatcherServlet'
2023-11-10T12:12:26.433+05:30  INFO 269947 --- [RMI TCP Connection(1)-127.0.0.1] o.s.web.servlet.DispatcherServlet        : Completed initialization in 7 ms
2023-11-10T12:12:26.771+05:30  INFO 269947 --- [main] o.s.b.w.embedded.tomcat.TomcatWebServer  : Tomcat started on port(s): 8081 (http) with context path ''
2023-11-10T12:12:26.915+05:30  INFO 269947 --- [main] o.a.k.clients.consumer.ConsumerConfig    : ConsumerConfig values: 
	allow.auto.create.topics = true
	auto.commit.interval.ms = 5000
	auto.include.jmx.reporter = true
	auto.offset.reset = earliest
	bootstrap.servers = [localhost:9092]
	check.crcs = true
	client.dns.lookup = use_all_dns_ips
	client.id = consumer-group-1-1
	client.rack = 
	connections.max.idle.ms = 540000
	default.api.timeout.ms = 60000
	enable.auto.commit = false
	exclude.internal.topics = true
	fetch.max.bytes = 52428800
	fetch.max.wait.ms = 500
	fetch.min.bytes = 1
	group.id = group-1
	group.instance.id = null
	heartbeat.interval.ms = 3000
	interceptor.classes = []
	internal.leave.group.on.close = true
	internal.throw.on.fetch.stable.offset.unsupported = false
	isolation.level = read_uncommitted
	key.deserializer = class org.apache.kafka.common.serialization.StringDeserializer
	max.partition.fetch.bytes = 1048576
	max.poll.interval.ms = 300000
	max.poll.records = 500
	metadata.max.age.ms = 300000
	metric.reporters = []
	metrics.num.samples = 2
	metrics.recording.level = INFO
	metrics.sample.window.ms = 30000
	partition.assignment.strategy = [class org.apache.kafka.clients.consumer.RangeAssignor, class org.apache.kafka.clients.consumer.CooperativeStickyAssignor]
	receive.buffer.bytes = 65536
	reconnect.backoff.max.ms = 1000
	reconnect.backoff.ms = 50
	request.timeout.ms = 30000
	retry.backoff.ms = 100
	sasl.client.callback.handler.class = null
	sasl.jaas.config = null
	sasl.kerberos.kinit.cmd = /usr/bin/kinit
	sasl.kerberos.min.time.before.relogin = 60000
	sasl.kerberos.service.name = null
	sasl.kerberos.ticket.renew.jitter = 0.05
	sasl.kerberos.ticket.renew.window.factor = 0.8
	sasl.login.callback.handler.class = null
	sasl.login.class = null
	sasl.login.connect.timeout.ms = null
	sasl.login.read.timeout.ms = null
	sasl.login.refresh.buffer.seconds = 300
	sasl.login.refresh.min.period.seconds = 60
	sasl.login.refresh.window.factor = 0.8
	sasl.login.refresh.window.jitter = 0.05
	sasl.login.retry.backoff.max.ms = 10000
	sasl.login.retry.backoff.ms = 100
	sasl.mechanism = GSSAPI
	sasl.oauthbearer.clock.skew.seconds = 30
	sasl.oauthbearer.expected.audience = null
	sasl.oauthbearer.expected.issuer = null
	sasl.oauthbearer.jwks.endpoint.refresh.ms = 3600000
	sasl.oauthbearer.jwks.endpoint.retry.backoff.max.ms = 10000
	sasl.oauthbearer.jwks.endpoint.retry.backoff.ms = 100
	sasl.oauthbearer.jwks.endpoint.url = null
	sasl.oauthbearer.scope.claim.name = scope
	sasl.oauthbearer.sub.claim.name = sub
	sasl.oauthbearer.token.endpoint.url = null
	security.protocol = PLAINTEXT
	security.providers = null
	send.buffer.bytes = 131072
	session.timeout.ms = 45000
	socket.connection.setup.timeout.max.ms = 30000
	socket.connection.setup.timeout.ms = 10000
	ssl.cipher.suites = null
	ssl.enabled.protocols = [TLSv1.2, TLSv1.3]
	ssl.endpoint.identification.algorithm = https
	ssl.engine.factory.class = null
	ssl.key.password = null
	ssl.keymanager.algorithm = SunX509
	ssl.keystore.certificate.chain = null
	ssl.keystore.key = null
	ssl.keystore.location = null
	ssl.keystore.password = null
	ssl.keystore.type = JKS
	ssl.protocol = TLSv1.3
	ssl.provider = null
	ssl.secure.random.implementation = null
	ssl.trustmanager.algorithm = PKIX
	ssl.truststore.certificates = null
	ssl.truststore.location = null
	ssl.truststore.password = null
	ssl.truststore.type = JKS
	value.deserializer = class org.apache.kafka.common.serialization.StringDeserializer

2023-11-10T12:12:27.327+05:30  INFO 269947 --- [main] o.a.kafka.common.utils.AppInfoParser     : Kafka version: 3.4.1
2023-11-10T12:12:27.331+05:30  INFO 269947 --- [main] o.a.kafka.common.utils.AppInfoParser     : Kafka commitId: 8a516edc2755df89
2023-11-10T12:12:27.332+05:30  INFO 269947 --- [main] o.a.kafka.common.utils.AppInfoParser     : Kafka startTimeMs: 1699598547325
2023-11-10T12:12:27.494+05:30  INFO 269947 --- [main] o.a.k.clients.consumer.KafkaConsumer     : [Consumer clientId=consumer-group-1-1, groupId=group-1] Subscribed to topic(s): topic1
2023-11-10T12:12:27.630+05:30  INFO 269947 --- [main] com.example.demo2.Demo2Application       : Started Demo2Application in 8.289 seconds (process running for 9.572)
2023-11-10T12:12:28.958+05:30  INFO 269947 --- [org.springframework.kafka.KafkaListenerEndpointContainer#0-0-C-1] org.apache.kafka.clients.Metadata        : [Consumer clientId=consumer-group-1-1, groupId=group-1] Resetting the last seen epoch of partition topic1-0 to 0 since the associated topicId changed from null to ggyZoUzhTN6gzPIdHVAj_w
2023-11-10T12:12:29.028+05:30  INFO 269947 --- [org.springframework.kafka.KafkaListenerEndpointContainer#0-0-C-1] org.apache.kafka.clients.Metadata        : [Consumer clientId=consumer-group-1-1, groupId=group-1] Cluster ID: lj_CLtOBTmeUhwWPMA64Dw
2023-11-10T12:12:31.404+05:30  INFO 269947 --- [org.springframework.kafka.KafkaListenerEndpointContainer#0-0-C-1] o.a.k.c.c.internals.ConsumerCoordinator  : [Consumer clientId=consumer-group-1-1, groupId=group-1] Discovered group coordinator localhost:9092 (id: 2147482646 rack: null)
2023-11-10T12:12:31.410+05:30  INFO 269947 --- [org.springframework.kafka.KafkaListenerEndpointContainer#0-0-C-1] o.a.k.c.c.internals.ConsumerCoordinator  : [Consumer clientId=consumer-group-1-1, groupId=group-1] (Re-)joining group
2023-11-10T12:12:31.473+05:30  INFO 269947 --- [org.springframework.kafka.KafkaListenerEndpointContainer#0-0-C-1] o.a.k.c.c.internals.ConsumerCoordinator  : [Consumer clientId=consumer-group-1-1, groupId=group-1] Request joining group due to: need to re-join with the given member-id: consumer-group-1-1-21682194-a083-4ab0-ac98-2251f5f320bb
2023-11-10T12:12:31.475+05:30  INFO 269947 --- [org.springframework.kafka.KafkaListenerEndpointContainer#0-0-C-1] o.a.k.c.c.internals.ConsumerCoordinator  : [Consumer clientId=consumer-group-1-1, groupId=group-1] Request joining group due to: rebalance failed due to 'The group member needs to have a valid member id before actually entering a consumer group.' (MemberIdRequiredException)
2023-11-10T12:12:31.476+05:30  INFO 269947 --- [org.springframework.kafka.KafkaListenerEndpointContainer#0-0-C-1] o.a.k.c.c.internals.ConsumerCoordinator  : [Consumer clientId=consumer-group-1-1, groupId=group-1] (Re-)joining group
2023-11-10T12:12:34.557+05:30  INFO 269947 --- [org.springframework.kafka.KafkaListenerEndpointContainer#0-0-C-1] o.a.k.c.c.internals.ConsumerCoordinator  : [Consumer clientId=consumer-group-1-1, groupId=group-1] Successfully joined group with generation Generation{generationId=1, memberId='consumer-group-1-1-21682194-a083-4ab0-ac98-2251f5f320bb', protocol='range'}
2023-11-10T12:12:34.570+05:30  INFO 269947 --- [org.springframework.kafka.KafkaListenerEndpointContainer#0-0-C-1] o.a.k.c.c.internals.ConsumerCoordinator  : [Consumer clientId=consumer-group-1-1, groupId=group-1] Finished assignment for group at generation 1: {consumer-group-1-1-21682194-a083-4ab0-ac98-2251f5f320bb=Assignment(partitions=[topic1-0])}
2023-11-10T12:12:34.705+05:30  INFO 269947 --- [org.springframework.kafka.KafkaListenerEndpointContainer#0-0-C-1] o.a.k.c.c.internals.ConsumerCoordinator  : [Consumer clientId=consumer-group-1-1, groupId=group-1] Successfully synced group in generation Generation{generationId=1, memberId='consumer-group-1-1-21682194-a083-4ab0-ac98-2251f5f320bb', protocol='range'}
2023-11-10T12:12:34.707+05:30  INFO 269947 --- [org.springframework.kafka.KafkaListenerEndpointContainer#0-0-C-1] o.a.k.c.c.internals.ConsumerCoordinator  : [Consumer clientId=consumer-group-1-1, groupId=group-1] Notifying assignor about the new Assignment(partitions=[topic1-0])
2023-11-10T12:12:34.711+05:30  INFO 269947 --- [org.springframework.kafka.KafkaListenerEndpointContainer#0-0-C-1] o.a.k.c.c.internals.ConsumerCoordinator  : [Consumer clientId=consumer-group-1-1, groupId=group-1] Adding newly assigned partitions: topic1-0
2023-11-10T12:12:34.753+05:30  INFO 269947 --- [org.springframework.kafka.KafkaListenerEndpointContainer#0-0-C-1] o.a.k.c.c.internals.ConsumerCoordinator  : [Consumer clientId=consumer-group-1-1, groupId=group-1] Found no committed offset for partition topic1-0
2023-11-10T12:12:34.787+05:30  INFO 269947 --- [org.springframework.kafka.KafkaListenerEndpointContainer#0-0-C-1] o.a.k.c.c.internals.SubscriptionState    : [Consumer clientId=consumer-group-1-1, groupId=group-1] Resetting offset for partition topic1-0 to position FetchPosition{offset=0, offsetEpoch=Optional.empty, currentLeader=LeaderAndEpoch{leader=Optional[localhost:9092 (id: 1001 rack: null)], epoch=0}}.
2023-11-10T12:12:34.796+05:30  INFO 269947 --- [org.springframework.kafka.KafkaListenerEndpointContainer#0-0-C-1] o.s.k.l.KafkaMessageListenerContainer    : group-1: partitions assigned: [topic1-0]
2023-11-10T12:13:11.579+05:30  INFO 269947 --- [org.springframework.kafka.KafkaListenerEndpointContainer#0-0-C-1] com.example.demo2.Config.KafkaConfig     : Log :Hello from Kakfa0
2023-11-10T12:13:11.611+05:30  INFO 269947 --- [org.springframework.kafka.KafkaListenerEndpointContainer#0-0-C-1] com.example.demo2.Config.KafkaConfig     : Log :Hello from Kakfa1
2023-11-10T12:13:11.616+05:30  INFO 269947 --- [org.springframework.kafka.KafkaListenerEndpointContainer#0-0-C-1] com.example.demo2.Config.KafkaConfig     : Log :Hello from Kakfa2
2023-11-10T12:13:11.629+05:30  INFO 269947 --- [org.springframework.kafka.KafkaListenerEndpointContainer#0-0-C-1] com.example.demo2.Config.KafkaConfig     : Log :Hello from Kakfa3
2023-11-10T12:13:11.638+05:30  INFO 269947 --- [org.springframework.kafka.KafkaListenerEndpointContainer#0-0-C-1] com.example.demo2.Config.KafkaConfig     : Log :Hello from Kakfa4
2023-11-10T12:13:11.700+05:30  INFO 269947 --- [org.springframework.kafka.KafkaListenerEndpointContainer#0-0-C-1] com.example.demo2.Config.KafkaConfig     : Log :Hello from Kakfa5
2023-11-10T12:13:11.701+05:30  INFO 269947 --- [org.springframework.kafka.KafkaListenerEndpointContainer#0-0-C-1] com.example.demo2.Config.KafkaConfig     : Log :Hello from Kakfa6
2023-11-10T12:13:11.703+05:30  INFO 269947 --- [org.springframework.kafka.KafkaListenerEndpointContainer#0-0-C-1] com.example.demo2.Config.KafkaConfig     : Log :Hello from Kakfa7
2023-11-10T12:13:11.704+05:30  INFO 269947 --- [org.springframework.kafka.KafkaListenerEndpointContainer#0-0-C-1] com.example.demo2.Config.KafkaConfig     : Log :Hello from Kakfa8
2023-11-10T12:13:11.708+05:30  INFO 269947 --- [org.springframework.kafka.KafkaListenerEndpointContainer#0-0-C-1] com.example.demo2.Config.KafkaConfig     : Log :Hello from Kakfa9
2023-11-10T12:13:11.711+05:30  INFO 269947 --- [org.springframework.kafka.KafkaListenerEndpointContainer#0-0-C-1] com.example.demo2.Config.KafkaConfig     : Log :Hello from Kakfa10
2023-11-10T12:13:11.711+05:30  INFO 269947 --- [org.springframework.kafka.KafkaListenerEndpointContainer#0-0-C-1] com.example.demo2.Config.KafkaConfig     : Log :Hello from Kakfa11
2023-11-10T12:13:11.712+05:30  INFO 269947 --- [org.springframework.kafka.KafkaListenerEndpointContainer#0-0-C-1] com.example.demo2.Config.KafkaConfig     : Log :Hello from Kakfa12
2023-11-10T12:13:11.713+05:30  INFO 269947 --- [org.springframework.kafka.KafkaListenerEndpointContainer#0-0-C-1] com.example.demo2.Config.KafkaConfig     : Log :Hello from Kakfa13
2023-11-10T12:13:11.715+05:30  INFO 269947 --- [org.springframework.kafka.KafkaListenerEndpointContainer#0-0-C-1] com.example.demo2.Config.KafkaConfig     : Log :Hello from Kakfa14
2023-11-10T12:13:11.716+05:30  INFO 269947 --- [org.springframework.kafka.KafkaListenerEndpointContainer#0-0-C-1] com.example.demo2.Config.KafkaConfig     : Log :Hello from Kakfa15
2023-11-10T12:13:11.717+05:30  INFO 269947 --- [org.springframework.kafka.KafkaListenerEndpointContainer#0-0-C-1] com.example.demo2.Config.KafkaConfig     : Log :Hello from Kakfa16
2023-11-10T12:13:11.718+05:30  INFO 269947 --- [org.springframework.kafka.KafkaListenerEndpointContainer#0-0-C-1] com.example.demo2.Config.KafkaConfig     : Log :Hello from Kakfa17
2023-11-10T12:13:11.719+05:30  INFO 269947 --- [org.springframework.kafka.KafkaListenerEndpointContainer#0-0-C-1] com.example.demo2.Config.KafkaConfig     : Log :Hello from Kakfa18
2023-11-10T12:13:11.720+05:30  INFO 269947 --- [org.springframework.kafka.KafkaListenerEndpointContainer#0-0-C-1] com.example.demo2.Config.KafkaConfig     : Log :Hello from Kakfa19
2023-11-10T12:13:11.720+05:30  INFO 269947 --- [org.springframework.kafka.KafkaListenerEndpointContainer#0-0-C-1] com.example.demo2.Config.KafkaConfig     : Log :Hello from Kakfa20
2023-11-10T12:13:11.721+05:30  INFO 269947 --- [org.springframework.kafka.KafkaListenerEndpointContainer#0-0-C-1] com.example.demo2.Config.KafkaConfig     : Log :Hello from Kakfa21
2023-11-10T12:13:11.722+05:30  INFO 269947 --- [org.springframework.kafka.KafkaListenerEndpointContainer#0-0-C-1] com.example.demo2.Config.KafkaConfig     : Log :Hello from Kakfa22
2023-11-10T12:13:11.723+05:30  INFO 269947 --- [org.springframework.kafka.KafkaListenerEndpointContainer#0-0-C-1] com.example.demo2.Config.KafkaConfig     : Log :Hello from Kakfa23
2023-11-10T12:13:11.723+05:30  INFO 269947 --- [org.springframework.kafka.KafkaListenerEndpointContainer#0-0-C-1] com.example.demo2.Config.KafkaConfig     : Log :Hello from Kakfa24
2023-11-10T12:13:33.263+05:30  INFO 269947 --- [org.springframework.kafka.KafkaListenerEndpointContainer#0-0-C-1] o.a.k.c.c.internals.ConsumerCoordinator  : [Consumer clientId=consumer-group-1-1, groupId=group-1] Revoke previously assigned partitions topic1-0
2023-11-10T12:13:33.265+05:30  INFO 269947 --- [org.springframework.kafka.KafkaListenerEndpointContainer#0-0-C-1] o.s.k.l.KafkaMessageListenerContainer    : group-1: partitions revoked: [topic1-0]
2023-11-10T12:13:33.267+05:30  INFO 269947 --- [org.springframework.kafka.KafkaListenerEndpointContainer#0-0-C-1] o.a.k.c.c.internals.ConsumerCoordinator  : [Consumer clientId=consumer-group-1-1, groupId=group-1] Member consumer-group-1-1-21682194-a083-4ab0-ac98-2251f5f320bb sending LeaveGroup request to coordinator localhost:9092 (id: 2147482646 rack: null) due to the consumer unsubscribed from all topics
2023-11-10T12:13:33.269+05:30  INFO 269947 --- [org.springframework.kafka.KafkaListenerEndpointContainer#0-0-C-1] o.a.k.c.c.internals.ConsumerCoordinator  : [Consumer clientId=consumer-group-1-1, groupId=group-1] Resetting generation and member id due to: consumer pro-actively leaving the group
2023-11-10T12:13:33.270+05:30  INFO 269947 --- [org.springframework.kafka.KafkaListenerEndpointContainer#0-0-C-1] o.a.k.c.c.internals.ConsumerCoordinator  : [Consumer clientId=consumer-group-1-1, groupId=group-1] Request joining group due to: consumer pro-actively leaving the group
2023-11-10T12:13:33.272+05:30  INFO 269947 --- [org.springframework.kafka.KafkaListenerEndpointContainer#0-0-C-1] o.a.k.clients.consumer.KafkaConsumer     : [Consumer clientId=consumer-group-1-1, groupId=group-1] Unsubscribed all topics or patterns and assigned partitions
2023-11-10T12:13:33.278+05:30  INFO 269947 --- [org.springframework.kafka.KafkaListenerEndpointContainer#0-0-C-1] o.a.k.c.c.internals.ConsumerCoordinator  : [Consumer clientId=consumer-group-1-1, groupId=group-1] Resetting generation and member id due to: consumer pro-actively leaving the group
2023-11-10T12:13:33.279+05:30  INFO 269947 --- [org.springframework.kafka.KafkaListenerEndpointContainer#0-0-C-1] o.a.k.c.c.internals.ConsumerCoordinator  : [Consumer clientId=consumer-group-1-1, groupId=group-1] Request joining group due to: consumer pro-actively leaving the group
2023-11-10T12:13:33.295+05:30  INFO 269947 --- [org.springframework.kafka.KafkaListenerEndpointContainer#0-0-C-1] o.apache.kafka.common.metrics.Metrics    : Metrics scheduler closed
2023-11-10T12:13:33.296+05:30  INFO 269947 --- [org.springframework.kafka.KafkaListenerEndpointContainer#0-0-C-1] o.apache.kafka.common.metrics.Metrics    : Closing reporter org.apache.kafka.common.metrics.JmxReporter
2023-11-10T12:13:33.296+05:30  INFO 269947 --- [org.springframework.kafka.KafkaListenerEndpointContainer#0-0-C-1] o.apache.kafka.common.metrics.Metrics    : Metrics reporters closed
2023-11-10T12:13:33.317+05:30  INFO 269947 --- [org.springframework.kafka.KafkaListenerEndpointContainer#0-0-C-1] o.a.kafka.common.utils.AppInfoParser     : App info kafka.consumer for consumer-group-1-1 unregistered
2023-11-10T12:13:33.318+05:30  INFO 269947 --- [org.springframework.kafka.KafkaListenerEndpointContainer#0-0-C-1] o.s.k.l.KafkaMessageListenerContainer    : group-1: Consumer stopped
2023-11-10T17:13:13.020+05:30  INFO 453723 --- [main] c.example.demo2.Demo2ApplicationTests    : Starting Demo2ApplicationTests using Java 17.0.8.1 with PID 453723 (started by priyanshu in /home/priyanshu/demo2)
2023-11-10T17:13:13.025+05:30  INFO 453723 --- [main] c.example.demo2.Demo2ApplicationTests    : No active profile set, falling back to 1 default profile: "default"
2023-11-10T17:13:15.818+05:30  INFO 453723 --- [main] o.s.b.a.e.web.EndpointLinksResolver      : Exposing 1 endpoint(s) beneath base path '/actuator'
2023-11-10T17:13:16.059+05:30  INFO 453723 --- [main] o.a.k.clients.consumer.ConsumerConfig    : ConsumerConfig values: 
	allow.auto.create.topics = true
	auto.commit.interval.ms = 5000
	auto.include.jmx.reporter = true
	auto.offset.reset = earliest
	bootstrap.servers = [localhost:9092]
	check.crcs = true
	client.dns.lookup = use_all_dns_ips
	client.id = consumer-group-1-1
	client.rack = 
	connections.max.idle.ms = 540000
	default.api.timeout.ms = 60000
	enable.auto.commit = false
	exclude.internal.topics = true
	fetch.max.bytes = 52428800
	fetch.max.wait.ms = 500
	fetch.min.bytes = 1
	group.id = group-1
	group.instance.id = null
	heartbeat.interval.ms = 3000
	interceptor.classes = []
	internal.leave.group.on.close = true
	internal.throw.on.fetch.stable.offset.unsupported = false
	isolation.level = read_uncommitted
	key.deserializer = class org.apache.kafka.common.serialization.StringDeserializer
	max.partition.fetch.bytes = 1048576
	max.poll.interval.ms = 300000
	max.poll.records = 500
	metadata.max.age.ms = 300000
	metric.reporters = []
	metrics.num.samples = 2
	metrics.recording.level = INFO
	metrics.sample.window.ms = 30000
	partition.assignment.strategy = [class org.apache.kafka.clients.consumer.RangeAssignor, class org.apache.kafka.clients.consumer.CooperativeStickyAssignor]
	receive.buffer.bytes = 65536
	reconnect.backoff.max.ms = 1000
	reconnect.backoff.ms = 50
	request.timeout.ms = 30000
	retry.backoff.ms = 100
	sasl.client.callback.handler.class = null
	sasl.jaas.config = null
	sasl.kerberos.kinit.cmd = /usr/bin/kinit
	sasl.kerberos.min.time.before.relogin = 60000
	sasl.kerberos.service.name = null
	sasl.kerberos.ticket.renew.jitter = 0.05
	sasl.kerberos.ticket.renew.window.factor = 0.8
	sasl.login.callback.handler.class = null
	sasl.login.class = null
	sasl.login.connect.timeout.ms = null
	sasl.login.read.timeout.ms = null
	sasl.login.refresh.buffer.seconds = 300
	sasl.login.refresh.min.period.seconds = 60
	sasl.login.refresh.window.factor = 0.8
	sasl.login.refresh.window.jitter = 0.05
	sasl.login.retry.backoff.max.ms = 10000
	sasl.login.retry.backoff.ms = 100
	sasl.mechanism = GSSAPI
	sasl.oauthbearer.clock.skew.seconds = 30
	sasl.oauthbearer.expected.audience = null
	sasl.oauthbearer.expected.issuer = null
	sasl.oauthbearer.jwks.endpoint.refresh.ms = 3600000
	sasl.oauthbearer.jwks.endpoint.retry.backoff.max.ms = 10000
	sasl.oauthbearer.jwks.endpoint.retry.backoff.ms = 100
	sasl.oauthbearer.jwks.endpoint.url = null
	sasl.oauthbearer.scope.claim.name = scope
	sasl.oauthbearer.sub.claim.name = sub
	sasl.oauthbearer.token.endpoint.url = null
	security.protocol = PLAINTEXT
	security.providers = null
	send.buffer.bytes = 131072
	session.timeout.ms = 45000
	socket.connection.setup.timeout.max.ms = 30000
	socket.connection.setup.timeout.ms = 10000
	ssl.cipher.suites = null
	ssl.enabled.protocols = [TLSv1.2, TLSv1.3]
	ssl.endpoint.identification.algorithm = https
	ssl.engine.factory.class = null
	ssl.key.password = null
	ssl.keymanager.algorithm = SunX509
	ssl.keystore.certificate.chain = null
	ssl.keystore.key = null
	ssl.keystore.location = null
	ssl.keystore.password = null
	ssl.keystore.type = JKS
	ssl.protocol = TLSv1.3
	ssl.provider = null
	ssl.secure.random.implementation = null
	ssl.trustmanager.algorithm = PKIX
	ssl.truststore.certificates = null
	ssl.truststore.location = null
	ssl.truststore.password = null
	ssl.truststore.type = JKS
	value.deserializer = class org.apache.kafka.common.serialization.StringDeserializer

2023-11-10T17:13:16.323+05:30  INFO 453723 --- [main] o.a.kafka.common.utils.AppInfoParser     : Kafka version: 3.4.1
2023-11-10T17:13:16.326+05:30  INFO 453723 --- [main] o.a.kafka.common.utils.AppInfoParser     : Kafka commitId: 8a516edc2755df89
2023-11-10T17:13:16.327+05:30  INFO 453723 --- [main] o.a.kafka.common.utils.AppInfoParser     : Kafka startTimeMs: 1699616596319
2023-11-10T17:13:16.434+05:30  INFO 453723 --- [main] o.a.k.clients.consumer.KafkaConsumer     : [Consumer clientId=consumer-group-1-1, groupId=group-1] Subscribed to topic(s): topic1
2023-11-10T17:13:16.522+05:30  INFO 453723 --- [main] c.example.demo2.Demo2ApplicationTests    : Started Demo2ApplicationTests in 4.018 seconds (process running for 5.841)
2023-11-10T17:13:17.243+05:30  INFO 453723 --- [org.springframework.kafka.KafkaListenerEndpointContainer#0-0-C-1] org.apache.kafka.clients.Metadata        : [Consumer clientId=consumer-group-1-1, groupId=group-1] Resetting the last seen epoch of partition topic1-0 to 0 since the associated topicId changed from null to AVISqiYeRG6LCK6JI0Qw2Q
2023-11-10T17:13:17.258+05:30  INFO 453723 --- [org.springframework.kafka.KafkaListenerEndpointContainer#0-0-C-1] org.apache.kafka.clients.Metadata        : [Consumer clientId=consumer-group-1-1, groupId=group-1] Cluster ID: Pp1BsjbLRq2A_KU6lxmo3g
2023-11-10T17:13:19.337+05:30  INFO 453723 --- [org.springframework.kafka.KafkaListenerEndpointContainer#0-0-C-1] o.a.k.c.c.internals.ConsumerCoordinator  : [Consumer clientId=consumer-group-1-1, groupId=group-1] Resetting generation and member id due to: consumer pro-actively leaving the group
2023-11-10T17:13:19.338+05:30  INFO 453723 --- [org.springframework.kafka.KafkaListenerEndpointContainer#0-0-C-1] o.a.k.c.c.internals.ConsumerCoordinator  : [Consumer clientId=consumer-group-1-1, groupId=group-1] Request joining group due to: consumer pro-actively leaving the group
2023-11-10T17:13:19.340+05:30  INFO 453723 --- [org.springframework.kafka.KafkaListenerEndpointContainer#0-0-C-1] o.a.k.clients.consumer.KafkaConsumer     : [Consumer clientId=consumer-group-1-1, groupId=group-1] Unsubscribed all topics or patterns and assigned partitions
2023-11-10T17:13:19.346+05:30  INFO 453723 --- [org.springframework.kafka.KafkaListenerEndpointContainer#0-0-C-1] o.a.k.c.c.internals.ConsumerCoordinator  : [Consumer clientId=consumer-group-1-1, groupId=group-1] Resetting generation and member id due to: consumer pro-actively leaving the group
2023-11-10T17:13:19.346+05:30  INFO 453723 --- [org.springframework.kafka.KafkaListenerEndpointContainer#0-0-C-1] o.a.k.c.c.internals.ConsumerCoordinator  : [Consumer clientId=consumer-group-1-1, groupId=group-1] Request joining group due to: consumer pro-actively leaving the group
2023-11-10T17:13:19.350+05:30  INFO 453723 --- [org.springframework.kafka.KafkaListenerEndpointContainer#0-0-C-1] o.apache.kafka.common.metrics.Metrics    : Metrics scheduler closed
2023-11-10T17:13:19.350+05:30  INFO 453723 --- [org.springframework.kafka.KafkaListenerEndpointContainer#0-0-C-1] o.apache.kafka.common.metrics.Metrics    : Closing reporter org.apache.kafka.common.metrics.JmxReporter
2023-11-10T17:13:19.351+05:30  INFO 453723 --- [org.springframework.kafka.KafkaListenerEndpointContainer#0-0-C-1] o.apache.kafka.common.metrics.Metrics    : Metrics reporters closed
2023-11-10T17:13:19.411+05:30  INFO 453723 --- [org.springframework.kafka.KafkaListenerEndpointContainer#0-0-C-1] o.a.kafka.common.utils.AppInfoParser     : App info kafka.consumer for consumer-group-1-1 unregistered
2023-11-10T17:13:19.429+05:30  INFO 453723 --- [org.springframework.kafka.KafkaListenerEndpointContainer#0-0-C-1] o.s.k.l.KafkaMessageListenerContainer    : group-1: Consumer stopped
2023-11-10T17:16:59.844+05:30  INFO 456871 --- [main] com.example.demo2.Demo2Application       : Starting Demo2Application using Java 17.0.8.1 with PID 456871 (/home/priyanshu/demo2/target/classes started by priyanshu in /home/priyanshu/demo2)
2023-11-10T17:16:59.858+05:30  INFO 456871 --- [main] com.example.demo2.Demo2Application       : No active profile set, falling back to 1 default profile: "default"
2023-11-10T17:17:03.797+05:30  INFO 456871 --- [main] o.s.b.w.embedded.tomcat.TomcatWebServer  : Tomcat initialized with port(s): 8081 (http)
2023-11-10T17:17:03.816+05:30  INFO 456871 --- [main] o.apache.catalina.core.StandardService   : Starting service [Tomcat]
2023-11-10T17:17:03.817+05:30  INFO 456871 --- [main] o.apache.catalina.core.StandardEngine    : Starting Servlet engine: [Apache Tomcat/10.1.15]
2023-11-10T17:17:04.099+05:30  INFO 456871 --- [main] o.a.c.c.C.[Tomcat].[localhost].[/]       : Initializing Spring embedded WebApplicationContext
2023-11-10T17:17:04.101+05:30  INFO 456871 --- [main] w.s.c.ServletWebServerApplicationContext : Root WebApplicationContext: initialization completed in 3935 ms
2023-11-10T17:17:05.058+05:30  INFO 456871 --- [main] i.m.c.instrument.push.PushMeterRegistry  : publishing metrics for OtlpMeterRegistry every 10s
2023-11-10T17:17:09.193+05:30  INFO 456871 --- [main] o.s.b.a.e.web.EndpointLinksResolver      : Exposing 1 endpoint(s) beneath base path '/actuator'
2023-11-10T17:17:09.718+05:30  INFO 456871 --- [main] o.s.b.w.embedded.tomcat.TomcatWebServer  : Tomcat started on port(s): 8081 (http) with context path ''
2023-11-10T17:17:09.937+05:30  INFO 456871 --- [main] o.a.k.clients.consumer.ConsumerConfig    : ConsumerConfig values: 
	allow.auto.create.topics = true
	auto.commit.interval.ms = 5000
	auto.include.jmx.reporter = true
	auto.offset.reset = earliest
	bootstrap.servers = [http://localhost:9092]
	check.crcs = true
	client.dns.lookup = use_all_dns_ips
	client.id = consumer-group-1-1
	client.rack = 
	connections.max.idle.ms = 540000
	default.api.timeout.ms = 60000
	enable.auto.commit = false
	exclude.internal.topics = true
	fetch.max.bytes = 52428800
	fetch.max.wait.ms = 500
	fetch.min.bytes = 1
	group.id = group-1
	group.instance.id = null
	heartbeat.interval.ms = 3000
	interceptor.classes = []
	internal.leave.group.on.close = true
	internal.throw.on.fetch.stable.offset.unsupported = false
	isolation.level = read_uncommitted
	key.deserializer = class org.apache.kafka.common.serialization.StringSerializer
	max.partition.fetch.bytes = 1048576
	max.poll.interval.ms = 300000
	max.poll.records = 500
	metadata.max.age.ms = 300000
	metric.reporters = []
	metrics.num.samples = 2
	metrics.recording.level = INFO
	metrics.sample.window.ms = 30000
	partition.assignment.strategy = [class org.apache.kafka.clients.consumer.RangeAssignor, class org.apache.kafka.clients.consumer.CooperativeStickyAssignor]
	receive.buffer.bytes = 65536
	reconnect.backoff.max.ms = 1000
	reconnect.backoff.ms = 50
	request.timeout.ms = 30000
	retry.backoff.ms = 100
	sasl.client.callback.handler.class = null
	sasl.jaas.config = null
	sasl.kerberos.kinit.cmd = /usr/bin/kinit
	sasl.kerberos.min.time.before.relogin = 60000
	sasl.kerberos.service.name = null
	sasl.kerberos.ticket.renew.jitter = 0.05
	sasl.kerberos.ticket.renew.window.factor = 0.8
	sasl.login.callback.handler.class = null
	sasl.login.class = null
	sasl.login.connect.timeout.ms = null
	sasl.login.read.timeout.ms = null
	sasl.login.refresh.buffer.seconds = 300
	sasl.login.refresh.min.period.seconds = 60
	sasl.login.refresh.window.factor = 0.8
	sasl.login.refresh.window.jitter = 0.05
	sasl.login.retry.backoff.max.ms = 10000
	sasl.login.retry.backoff.ms = 100
	sasl.mechanism = GSSAPI
	sasl.oauthbearer.clock.skew.seconds = 30
	sasl.oauthbearer.expected.audience = null
	sasl.oauthbearer.expected.issuer = null
	sasl.oauthbearer.jwks.endpoint.refresh.ms = 3600000
	sasl.oauthbearer.jwks.endpoint.retry.backoff.max.ms = 10000
	sasl.oauthbearer.jwks.endpoint.retry.backoff.ms = 100
	sasl.oauthbearer.jwks.endpoint.url = null
	sasl.oauthbearer.scope.claim.name = scope
	sasl.oauthbearer.sub.claim.name = sub
	sasl.oauthbearer.token.endpoint.url = null
	security.protocol = PLAINTEXT
	security.providers = null
	send.buffer.bytes = 131072
	session.timeout.ms = 45000
	socket.connection.setup.timeout.max.ms = 30000
	socket.connection.setup.timeout.ms = 10000
	ssl.cipher.suites = null
	ssl.enabled.protocols = [TLSv1.2, TLSv1.3]
	ssl.endpoint.identification.algorithm = https
	ssl.engine.factory.class = null
	ssl.key.password = null
	ssl.keymanager.algorithm = SunX509
	ssl.keystore.certificate.chain = null
	ssl.keystore.key = null
	ssl.keystore.location = null
	ssl.keystore.password = null
	ssl.keystore.type = JKS
	ssl.protocol = TLSv1.3
	ssl.provider = null
	ssl.secure.random.implementation = null
	ssl.trustmanager.algorithm = PKIX
	ssl.truststore.certificates = null
	ssl.truststore.location = null
	ssl.truststore.password = null
	ssl.truststore.type = JKS
	value.deserializer = class org.apache.kafka.common.serialization.StringSerializer

2023-11-10T17:17:10.064+05:30  INFO 456871 --- [main] o.apache.kafka.common.metrics.Metrics    : Metrics scheduler closed
2023-11-10T17:17:10.066+05:30  INFO 456871 --- [main] o.apache.kafka.common.metrics.Metrics    : Closing reporter org.apache.kafka.common.metrics.JmxReporter
2023-11-10T17:17:10.092+05:30  INFO 456871 --- [main] o.apache.kafka.common.metrics.Metrics    : Metrics reporters closed
2023-11-10T17:17:10.108+05:30  INFO 456871 --- [main] o.a.kafka.common.utils.AppInfoParser     : App info kafka.consumer for consumer-group-1-1 unregistered
2023-11-10T17:17:10.110+05:30  WARN 456871 --- [main] ConfigServletWebServerApplicationContext : Exception encountered during context initialization - cancelling refresh attempt: org.springframework.context.ApplicationContextException: Failed to start bean 'org.springframework.kafka.config.internalKafkaListenerEndpointRegistry'
2023-11-10T17:17:10.552+05:30  INFO 456871 --- [main] i.o.sdk.trace.SdkTracerProvider          : Calling shutdown() multiple times.
2023-11-10T17:17:10.553+05:30  INFO 456871 --- [main] i.o.e.internal.okhttp.OkHttpExporter     : Calling shutdown() multiple times.
2023-11-10T17:17:10.582+05:30  INFO 456871 --- [main] o.apache.catalina.core.StandardService   : Stopping service [Tomcat]
2023-11-10T17:17:10.595+05:30  WARN 456871 --- [main] o.a.c.loader.WebappClassLoaderBase       : The web application [ROOT] appears to have started a thread named [BatchSpanProcessor_WorkerThread-1] but has failed to stop it. This is very likely to create a memory leak. Stack trace of thread:
 java.base@17.0.8.1/jdk.internal.misc.Unsafe.park(Native Method)
 java.base@17.0.8.1/java.util.concurrent.locks.LockSupport.parkNanos(LockSupport.java:252)
 java.base@17.0.8.1/java.util.concurrent.locks.AbstractQueuedSynchronizer$ConditionObject.awaitNanos(AbstractQueuedSynchronizer.java:1672)
 java.base@17.0.8.1/java.util.concurrent.ArrayBlockingQueue.poll(ArrayBlockingQueue.java:435)
 app//io.opentelemetry.sdk.trace.export.BatchSpanProcessor$Worker.run(BatchSpanProcessor.java:252)
 java.base@17.0.8.1/java.lang.Thread.run(Thread.java:833)
2023-11-10T17:17:10.762+05:30  INFO 456871 --- [main] .s.b.a.l.ConditionEvaluationReportLogger : 

Error starting ApplicationContext. To display the condition evaluation report re-run your application with 'debug' enabled.
2023-11-10T17:17:10.863+05:30 ERROR 456871 --- [main] o.s.boot.SpringApplication               : Application run failed

org.springframework.context.ApplicationContextException: Failed to start bean 'org.springframework.kafka.config.internalKafkaListenerEndpointRegistry'
	at org.springframework.context.support.DefaultLifecycleProcessor.doStart(DefaultLifecycleProcessor.java:182) ~[spring-context-6.0.13.jar:6.0.13]
	at org.springframework.context.support.DefaultLifecycleProcessor$LifecycleGroup.start(DefaultLifecycleProcessor.java:357) ~[spring-context-6.0.13.jar:6.0.13]
	at java.base/java.lang.Iterable.forEach(Iterable.java:75) ~[na:na]
	at org.springframework.context.support.DefaultLifecycleProcessor.startBeans(DefaultLifecycleProcessor.java:156) ~[spring-context-6.0.13.jar:6.0.13]
	at org.springframework.context.support.DefaultLifecycleProcessor.onRefresh(DefaultLifecycleProcessor.java:124) ~[spring-context-6.0.13.jar:6.0.13]
	at org.springframework.context.support.AbstractApplicationContext.finishRefresh(AbstractApplicationContext.java:966) ~[spring-context-6.0.13.jar:6.0.13]
	at org.springframework.context.support.AbstractApplicationContext.refresh(AbstractApplicationContext.java:619) ~[spring-context-6.0.13.jar:6.0.13]
	at org.springframework.boot.web.servlet.context.ServletWebServerApplicationContext.refresh(ServletWebServerApplicationContext.java:146) ~[spring-boot-3.1.5.jar:3.1.5]
	at org.springframework.boot.SpringApplication.refresh(SpringApplication.java:738) ~[spring-boot-3.1.5.jar:3.1.5]
	at org.springframework.boot.SpringApplication.refreshContext(SpringApplication.java:440) ~[spring-boot-3.1.5.jar:3.1.5]
	at org.springframework.boot.SpringApplication.run(SpringApplication.java:316) ~[spring-boot-3.1.5.jar:3.1.5]
	at org.springframework.boot.SpringApplication.run(SpringApplication.java:1306) ~[spring-boot-3.1.5.jar:3.1.5]
	at org.springframework.boot.SpringApplication.run(SpringApplication.java:1295) ~[spring-boot-3.1.5.jar:3.1.5]
	at com.example.demo2.Demo2Application.main(Demo2Application.java:10) ~[classes/:na]
Caused by: org.apache.kafka.common.KafkaException: Failed to construct kafka consumer
	at org.apache.kafka.clients.consumer.KafkaConsumer.<init>(KafkaConsumer.java:830) ~[kafka-clients-3.4.1.jar:na]
	at org.apache.kafka.clients.consumer.KafkaConsumer.<init>(KafkaConsumer.java:665) ~[kafka-clients-3.4.1.jar:na]
	at org.springframework.kafka.core.DefaultKafkaConsumerFactory.createRawConsumer(DefaultKafkaConsumerFactory.java:483) ~[spring-kafka-3.0.12.jar:3.0.12]
	at org.springframework.kafka.core.DefaultKafkaConsumerFactory.createKafkaConsumer(DefaultKafkaConsumerFactory.java:451) ~[spring-kafka-3.0.12.jar:3.0.12]
	at org.springframework.kafka.core.DefaultKafkaConsumerFactory.createConsumerWithAdjustedProperties(DefaultKafkaConsumerFactory.java:427) ~[spring-kafka-3.0.12.jar:3.0.12]
	at org.springframework.kafka.core.DefaultKafkaConsumerFactory.createKafkaConsumer(DefaultKafkaConsumerFactory.java:394) ~[spring-kafka-3.0.12.jar:3.0.12]
	at org.springframework.kafka.core.DefaultKafkaConsumerFactory.createConsumer(DefaultKafkaConsumerFactory.java:371) ~[spring-kafka-3.0.12.jar:3.0.12]
	at org.springframework.kafka.listener.KafkaMessageListenerContainer$ListenerConsumer.<init>(KafkaMessageListenerContainer.java:865) ~[spring-kafka-3.0.12.jar:3.0.12]
	at org.springframework.kafka.listener.KafkaMessageListenerContainer.doStart(KafkaMessageListenerContainer.java:380) ~[spring-kafka-3.0.12.jar:3.0.12]
	at org.springframework.kafka.listener.AbstractMessageListenerContainer.start(AbstractMessageListenerContainer.java:557) ~[spring-kafka-3.0.12.jar:3.0.12]
	at org.springframework.kafka.listener.ConcurrentMessageListenerContainer.doStart(ConcurrentMessageListenerContainer.java:231) ~[spring-kafka-3.0.12.jar:3.0.12]
	at org.springframework.kafka.listener.AbstractMessageListenerContainer.start(AbstractMessageListenerContainer.java:557) ~[spring-kafka-3.0.12.jar:3.0.12]
	at org.springframework.kafka.config.KafkaListenerEndpointRegistry.startIfNecessary(KafkaListenerEndpointRegistry.java:383) ~[spring-kafka-3.0.12.jar:3.0.12]
	at org.springframework.kafka.config.KafkaListenerEndpointRegistry.start(KafkaListenerEndpointRegistry.java:328) ~[spring-kafka-3.0.12.jar:3.0.12]
	at org.springframework.context.support.DefaultLifecycleProcessor.doStart(DefaultLifecycleProcessor.java:179) ~[spring-context-6.0.13.jar:6.0.13]
	... 13 common frames omitted
Caused by: org.apache.kafka.common.KafkaException: class org.apache.kafka.common.serialization.StringSerializer is not an instance of org.apache.kafka.common.serialization.Deserializer
	at org.apache.kafka.common.config.AbstractConfig.getConfiguredInstance(AbstractConfig.java:406) ~[kafka-clients-3.4.1.jar:na]
	at org.apache.kafka.common.config.AbstractConfig.getConfiguredInstance(AbstractConfig.java:440) ~[kafka-clients-3.4.1.jar:na]
	at org.apache.kafka.common.config.AbstractConfig.getConfiguredInstance(AbstractConfig.java:425) ~[kafka-clients-3.4.1.jar:na]
	at org.apache.kafka.clients.consumer.KafkaConsumer.<init>(KafkaConsumer.java:709) ~[kafka-clients-3.4.1.jar:na]
	... 27 common frames omitted

2023-11-10T17:17:53.489+05:30  INFO 457764 --- [main] com.example.demo2.Demo2Application       : Starting Demo2Application using Java 17.0.8.1 with PID 457764 (/home/priyanshu/demo2/target/classes started by priyanshu in /home/priyanshu/demo2)
2023-11-10T17:17:53.494+05:30  INFO 457764 --- [main] com.example.demo2.Demo2Application       : No active profile set, falling back to 1 default profile: "default"
2023-11-10T17:17:56.992+05:30  INFO 457764 --- [main] o.s.b.w.embedded.tomcat.TomcatWebServer  : Tomcat initialized with port(s): 8081 (http)
2023-11-10T17:17:57.016+05:30  INFO 457764 --- [main] o.apache.catalina.core.StandardService   : Starting service [Tomcat]
2023-11-10T17:17:57.017+05:30  INFO 457764 --- [main] o.apache.catalina.core.StandardEngine    : Starting Servlet engine: [Apache Tomcat/10.1.15]
2023-11-10T17:17:57.338+05:30  INFO 457764 --- [main] o.a.c.c.C.[Tomcat].[localhost].[/]       : Initializing Spring embedded WebApplicationContext
2023-11-10T17:17:57.339+05:30  INFO 457764 --- [main] w.s.c.ServletWebServerApplicationContext : Root WebApplicationContext: initialization completed in 3630 ms
2023-11-10T17:17:58.161+05:30  INFO 457764 --- [main] i.m.c.instrument.push.PushMeterRegistry  : publishing metrics for OtlpMeterRegistry every 10s
2023-11-10T17:17:59.529+05:30  INFO 457764 --- [main] o.s.b.a.e.web.EndpointLinksResolver      : Exposing 1 endpoint(s) beneath base path '/actuator'
2023-11-10T17:17:59.760+05:30  INFO 457764 --- [main] o.s.b.w.embedded.tomcat.TomcatWebServer  : Tomcat started on port(s): 8081 (http) with context path ''
2023-11-10T17:17:59.873+05:30  INFO 457764 --- [main] o.a.k.clients.consumer.ConsumerConfig    : ConsumerConfig values: 
	allow.auto.create.topics = true
	auto.commit.interval.ms = 5000
	auto.include.jmx.reporter = true
	auto.offset.reset = earliest
	bootstrap.servers = [http://localhost:9092]
	check.crcs = true
	client.dns.lookup = use_all_dns_ips
	client.id = consumer-group-1-1
	client.rack = 
	connections.max.idle.ms = 540000
	default.api.timeout.ms = 60000
	enable.auto.commit = false
	exclude.internal.topics = true
	fetch.max.bytes = 52428800
	fetch.max.wait.ms = 500
	fetch.min.bytes = 1
	group.id = group-1
	group.instance.id = null
	heartbeat.interval.ms = 3000
	interceptor.classes = []
	internal.leave.group.on.close = true
	internal.throw.on.fetch.stable.offset.unsupported = false
	isolation.level = read_uncommitted
	key.deserializer = class org.apache.kafka.common.serialization.StringDeserializer
	max.partition.fetch.bytes = 1048576
	max.poll.interval.ms = 300000
	max.poll.records = 500
	metadata.max.age.ms = 300000
	metric.reporters = []
	metrics.num.samples = 2
	metrics.recording.level = INFO
	metrics.sample.window.ms = 30000
	partition.assignment.strategy = [class org.apache.kafka.clients.consumer.RangeAssignor, class org.apache.kafka.clients.consumer.CooperativeStickyAssignor]
	receive.buffer.bytes = 65536
	reconnect.backoff.max.ms = 1000
	reconnect.backoff.ms = 50
	request.timeout.ms = 30000
	retry.backoff.ms = 100
	sasl.client.callback.handler.class = null
	sasl.jaas.config = null
	sasl.kerberos.kinit.cmd = /usr/bin/kinit
	sasl.kerberos.min.time.before.relogin = 60000
	sasl.kerberos.service.name = null
	sasl.kerberos.ticket.renew.jitter = 0.05
	sasl.kerberos.ticket.renew.window.factor = 0.8
	sasl.login.callback.handler.class = null
	sasl.login.class = null
	sasl.login.connect.timeout.ms = null
	sasl.login.read.timeout.ms = null
	sasl.login.refresh.buffer.seconds = 300
	sasl.login.refresh.min.period.seconds = 60
	sasl.login.refresh.window.factor = 0.8
	sasl.login.refresh.window.jitter = 0.05
	sasl.login.retry.backoff.max.ms = 10000
	sasl.login.retry.backoff.ms = 100
	sasl.mechanism = GSSAPI
	sasl.oauthbearer.clock.skew.seconds = 30
	sasl.oauthbearer.expected.audience = null
	sasl.oauthbearer.expected.issuer = null
	sasl.oauthbearer.jwks.endpoint.refresh.ms = 3600000
	sasl.oauthbearer.jwks.endpoint.retry.backoff.max.ms = 10000
	sasl.oauthbearer.jwks.endpoint.retry.backoff.ms = 100
	sasl.oauthbearer.jwks.endpoint.url = null
	sasl.oauthbearer.scope.claim.name = scope
	sasl.oauthbearer.sub.claim.name = sub
	sasl.oauthbearer.token.endpoint.url = null
	security.protocol = PLAINTEXT
	security.providers = null
	send.buffer.bytes = 131072
	session.timeout.ms = 45000
	socket.connection.setup.timeout.max.ms = 30000
	socket.connection.setup.timeout.ms = 10000
	ssl.cipher.suites = null
	ssl.enabled.protocols = [TLSv1.2, TLSv1.3]
	ssl.endpoint.identification.algorithm = https
	ssl.engine.factory.class = null
	ssl.key.password = null
	ssl.keymanager.algorithm = SunX509
	ssl.keystore.certificate.chain = null
	ssl.keystore.key = null
	ssl.keystore.location = null
	ssl.keystore.password = null
	ssl.keystore.type = JKS
	ssl.protocol = TLSv1.3
	ssl.provider = null
	ssl.secure.random.implementation = null
	ssl.trustmanager.algorithm = PKIX
	ssl.truststore.certificates = null
	ssl.truststore.location = null
	ssl.truststore.password = null
	ssl.truststore.type = JKS
	value.deserializer = class org.apache.kafka.common.serialization.StringDeserializer

2023-11-10T17:18:00.161+05:30  INFO 457764 --- [main] o.a.kafka.common.utils.AppInfoParser     : Kafka version: 3.4.1
2023-11-10T17:18:00.165+05:30  INFO 457764 --- [main] o.a.kafka.common.utils.AppInfoParser     : Kafka commitId: 8a516edc2755df89
2023-11-10T17:18:00.166+05:30  INFO 457764 --- [main] o.a.kafka.common.utils.AppInfoParser     : Kafka startTimeMs: 1699616880159
2023-11-10T17:18:00.280+05:30  INFO 457764 --- [main] o.a.k.clients.consumer.KafkaConsumer     : [Consumer clientId=consumer-group-1-1, groupId=group-1] Subscribed to topic(s): topic1
2023-11-10T17:18:00.372+05:30  INFO 457764 --- [main] com.example.demo2.Demo2Application       : Started Demo2Application in 8.589 seconds (process running for 10.495)
2023-11-10T17:18:01.090+05:30  INFO 457764 --- [org.springframework.kafka.KafkaListenerEndpointContainer#0-0-C-1] org.apache.kafka.clients.Metadata        : [Consumer clientId=consumer-group-1-1, groupId=group-1] Resetting the last seen epoch of partition topic1-0 to 0 since the associated topicId changed from null to AVISqiYeRG6LCK6JI0Qw2Q
2023-11-10T17:18:01.094+05:30  INFO 457764 --- [org.springframework.kafka.KafkaListenerEndpointContainer#0-0-C-1] org.apache.kafka.clients.Metadata        : [Consumer clientId=consumer-group-1-1, groupId=group-1] Cluster ID: Pp1BsjbLRq2A_KU6lxmo3g
2023-11-10T17:18:01.097+05:30  INFO 457764 --- [org.springframework.kafka.KafkaListenerEndpointContainer#0-0-C-1] o.a.k.c.c.internals.ConsumerCoordinator  : [Consumer clientId=consumer-group-1-1, groupId=group-1] Discovered group coordinator localhost:9092 (id: 2147482646 rack: null)
2023-11-10T17:18:01.101+05:30  INFO 457764 --- [org.springframework.kafka.KafkaListenerEndpointContainer#0-0-C-1] o.a.k.c.c.internals.ConsumerCoordinator  : [Consumer clientId=consumer-group-1-1, groupId=group-1] (Re-)joining group
2023-11-10T17:18:01.190+05:30  INFO 457764 --- [org.springframework.kafka.KafkaListenerEndpointContainer#0-0-C-1] o.a.k.c.c.internals.ConsumerCoordinator  : [Consumer clientId=consumer-group-1-1, groupId=group-1] Request joining group due to: need to re-join with the given member-id: consumer-group-1-1-04877dfa-e4ab-4a8c-beda-32c1338bd488
2023-11-10T17:18:01.192+05:30  INFO 457764 --- [org.springframework.kafka.KafkaListenerEndpointContainer#0-0-C-1] o.a.k.c.c.internals.ConsumerCoordinator  : [Consumer clientId=consumer-group-1-1, groupId=group-1] Request joining group due to: rebalance failed due to 'The group member needs to have a valid member id before actually entering a consumer group.' (MemberIdRequiredException)
2023-11-10T17:18:01.194+05:30  INFO 457764 --- [org.springframework.kafka.KafkaListenerEndpointContainer#0-0-C-1] o.a.k.c.c.internals.ConsumerCoordinator  : [Consumer clientId=consumer-group-1-1, groupId=group-1] (Re-)joining group
2023-11-10T17:18:02.345+05:30  INFO 457764 --- [RMI TCP Connection(1)-127.0.0.1] o.a.c.c.C.[Tomcat].[localhost].[/]       : Initializing Spring DispatcherServlet 'dispatcherServlet'
2023-11-10T17:18:02.346+05:30  INFO 457764 --- [RMI TCP Connection(1)-127.0.0.1] o.s.web.servlet.DispatcherServlet        : Initializing Servlet 'dispatcherServlet'
2023-11-10T17:18:02.349+05:30  INFO 457764 --- [RMI TCP Connection(1)-127.0.0.1] o.s.web.servlet.DispatcherServlet        : Completed initialization in 2 ms
2023-11-10T17:18:04.284+05:30  INFO 457764 --- [org.springframework.kafka.KafkaListenerEndpointContainer#0-0-C-1] o.a.k.c.c.internals.ConsumerCoordinator  : [Consumer clientId=consumer-group-1-1, groupId=group-1] Successfully joined group with generation Generation{generationId=1, memberId='consumer-group-1-1-04877dfa-e4ab-4a8c-beda-32c1338bd488', protocol='range'}
2023-11-10T17:18:04.294+05:30  INFO 457764 --- [org.springframework.kafka.KafkaListenerEndpointContainer#0-0-C-1] o.a.k.c.c.internals.ConsumerCoordinator  : [Consumer clientId=consumer-group-1-1, groupId=group-1] Finished assignment for group at generation 1: {consumer-group-1-1-04877dfa-e4ab-4a8c-beda-32c1338bd488=Assignment(partitions=[topic1-0])}
2023-11-10T17:18:04.349+05:30  INFO 457764 --- [org.springframework.kafka.KafkaListenerEndpointContainer#0-0-C-1] o.a.k.c.c.internals.ConsumerCoordinator  : [Consumer clientId=consumer-group-1-1, groupId=group-1] Successfully synced group in generation Generation{generationId=1, memberId='consumer-group-1-1-04877dfa-e4ab-4a8c-beda-32c1338bd488', protocol='range'}
2023-11-10T17:18:04.351+05:30  INFO 457764 --- [org.springframework.kafka.KafkaListenerEndpointContainer#0-0-C-1] o.a.k.c.c.internals.ConsumerCoordinator  : [Consumer clientId=consumer-group-1-1, groupId=group-1] Notifying assignor about the new Assignment(partitions=[topic1-0])
2023-11-10T17:18:04.358+05:30  INFO 457764 --- [org.springframework.kafka.KafkaListenerEndpointContainer#0-0-C-1] o.a.k.c.c.internals.ConsumerCoordinator  : [Consumer clientId=consumer-group-1-1, groupId=group-1] Adding newly assigned partitions: topic1-0
2023-11-10T17:18:04.420+05:30  INFO 457764 --- [org.springframework.kafka.KafkaListenerEndpointContainer#0-0-C-1] o.a.k.c.c.internals.ConsumerCoordinator  : [Consumer clientId=consumer-group-1-1, groupId=group-1] Found no committed offset for partition topic1-0
2023-11-10T17:18:04.540+05:30  INFO 457764 --- [org.springframework.kafka.KafkaListenerEndpointContainer#0-0-C-1] o.a.k.c.c.internals.SubscriptionState    : [Consumer clientId=consumer-group-1-1, groupId=group-1] Resetting offset for partition topic1-0 to position FetchPosition{offset=0, offsetEpoch=Optional.empty, currentLeader=LeaderAndEpoch{leader=Optional[localhost:9092 (id: 1001 rack: null)], epoch=0}}.
2023-11-10T17:18:04.550+05:30  INFO 457764 --- [org.springframework.kafka.KafkaListenerEndpointContainer#0-0-C-1] o.s.k.l.KafkaMessageListenerContainer    : group-1: partitions assigned: [topic1-0]
2023-11-10T17:18:04.795+05:30  INFO 457764 --- [org.springframework.kafka.KafkaListenerEndpointContainer#0-0-C-1] com.example.demo2.Config.KafkaConfig     : Log :Hello from Kakfa0
2023-11-10T17:18:04.798+05:30  INFO 457764 --- [org.springframework.kafka.KafkaListenerEndpointContainer#0-0-C-1] com.example.demo2.Config.KafkaConfig     : Log :Hello from Kakfa1
2023-11-10T17:18:04.802+05:30  INFO 457764 --- [org.springframework.kafka.KafkaListenerEndpointContainer#0-0-C-1] com.example.demo2.Config.KafkaConfig     : Log :Hello from Kakfa2
2023-11-10T17:18:04.809+05:30  INFO 457764 --- [org.springframework.kafka.KafkaListenerEndpointContainer#0-0-C-1] com.example.demo2.Config.KafkaConfig     : Log :Hello from Kakfa3
2023-11-10T17:18:04.810+05:30  INFO 457764 --- [org.springframework.kafka.KafkaListenerEndpointContainer#0-0-C-1] com.example.demo2.Config.KafkaConfig     : Log :Hello from Kakfa4
2023-11-10T17:18:04.811+05:30  INFO 457764 --- [org.springframework.kafka.KafkaListenerEndpointContainer#0-0-C-1] com.example.demo2.Config.KafkaConfig     : Log :Hello from Kakfa5
2023-11-10T17:18:04.812+05:30  INFO 457764 --- [org.springframework.kafka.KafkaListenerEndpointContainer#0-0-C-1] com.example.demo2.Config.KafkaConfig     : Log :Hello from Kakfa6
2023-11-10T17:18:04.813+05:30  INFO 457764 --- [org.springframework.kafka.KafkaListenerEndpointContainer#0-0-C-1] com.example.demo2.Config.KafkaConfig     : Log :Hello from Kakfa7
2023-11-10T17:18:04.814+05:30  INFO 457764 --- [org.springframework.kafka.KafkaListenerEndpointContainer#0-0-C-1] com.example.demo2.Config.KafkaConfig     : Log :Hello from Kakfa8
2023-11-10T17:18:04.815+05:30  INFO 457764 --- [org.springframework.kafka.KafkaListenerEndpointContainer#0-0-C-1] com.example.demo2.Config.KafkaConfig     : Log :Hello from Kakfa9
2023-11-10T17:18:04.816+05:30  INFO 457764 --- [org.springframework.kafka.KafkaListenerEndpointContainer#0-0-C-1] com.example.demo2.Config.KafkaConfig     : Log :Hello from Kakfa10
2023-11-10T17:18:04.818+05:30  INFO 457764 --- [org.springframework.kafka.KafkaListenerEndpointContainer#0-0-C-1] com.example.demo2.Config.KafkaConfig     : Log :Hello from Kakfa11
2023-11-10T17:18:04.819+05:30  INFO 457764 --- [org.springframework.kafka.KafkaListenerEndpointContainer#0-0-C-1] com.example.demo2.Config.KafkaConfig     : Log :Hello from Kakfa12
2023-11-10T17:18:04.820+05:30  INFO 457764 --- [org.springframework.kafka.KafkaListenerEndpointContainer#0-0-C-1] com.example.demo2.Config.KafkaConfig     : Log :Hello from Kakfa13
2023-11-10T17:18:04.821+05:30  INFO 457764 --- [org.springframework.kafka.KafkaListenerEndpointContainer#0-0-C-1] com.example.demo2.Config.KafkaConfig     : Log :Hello from Kakfa14
2023-11-10T17:18:04.822+05:30  INFO 457764 --- [org.springframework.kafka.KafkaListenerEndpointContainer#0-0-C-1] com.example.demo2.Config.KafkaConfig     : Log :Hello from Kakfa15
2023-11-10T17:18:04.823+05:30  INFO 457764 --- [org.springframework.kafka.KafkaListenerEndpointContainer#0-0-C-1] com.example.demo2.Config.KafkaConfig     : Log :Hello from Kakfa16
2023-11-10T17:18:04.824+05:30  INFO 457764 --- [org.springframework.kafka.KafkaListenerEndpointContainer#0-0-C-1] com.example.demo2.Config.KafkaConfig     : Log :Hello from Kakfa17
2023-11-10T17:18:04.824+05:30  INFO 457764 --- [org.springframework.kafka.KafkaListenerEndpointContainer#0-0-C-1] com.example.demo2.Config.KafkaConfig     : Log :Hello from Kakfa18
2023-11-10T17:18:04.825+05:30  INFO 457764 --- [org.springframework.kafka.KafkaListenerEndpointContainer#0-0-C-1] com.example.demo2.Config.KafkaConfig     : Log :Hello from Kakfa19
2023-11-10T17:18:04.825+05:30  INFO 457764 --- [org.springframework.kafka.KafkaListenerEndpointContainer#0-0-C-1] com.example.demo2.Config.KafkaConfig     : Log :Hello from Kakfa20
2023-11-10T17:18:04.826+05:30  INFO 457764 --- [org.springframework.kafka.KafkaListenerEndpointContainer#0-0-C-1] com.example.demo2.Config.KafkaConfig     : Log :Hello from Kakfa21
2023-11-10T17:18:04.826+05:30  INFO 457764 --- [org.springframework.kafka.KafkaListenerEndpointContainer#0-0-C-1] com.example.demo2.Config.KafkaConfig     : Log :Hello from Kakfa22
2023-11-10T17:18:04.827+05:30  INFO 457764 --- [org.springframework.kafka.KafkaListenerEndpointContainer#0-0-C-1] com.example.demo2.Config.KafkaConfig     : Log :Hello from Kakfa23
2023-11-10T17:18:04.827+05:30  INFO 457764 --- [org.springframework.kafka.KafkaListenerEndpointContainer#0-0-C-1] com.example.demo2.Config.KafkaConfig     : Log :Hello from Kakfa24
2023-11-10T17:25:07.736+05:30  INFO 457764 --- [org.springframework.kafka.KafkaListenerEndpointContainer#0-0-C-1] o.a.k.c.c.internals.ConsumerCoordinator  : [Consumer clientId=consumer-group-1-1, groupId=group-1] Revoke previously assigned partitions topic1-0
2023-11-10T17:25:07.738+05:30  INFO 457764 --- [org.springframework.kafka.KafkaListenerEndpointContainer#0-0-C-1] o.s.k.l.KafkaMessageListenerContainer    : group-1: partitions revoked: [topic1-0]
2023-11-10T17:25:07.739+05:30  INFO 457764 --- [org.springframework.kafka.KafkaListenerEndpointContainer#0-0-C-1] o.a.k.c.c.internals.ConsumerCoordinator  : [Consumer clientId=consumer-group-1-1, groupId=group-1] Member consumer-group-1-1-04877dfa-e4ab-4a8c-beda-32c1338bd488 sending LeaveGroup request to coordinator localhost:9092 (id: 2147482646 rack: null) due to the consumer unsubscribed from all topics
2023-11-10T17:25:07.742+05:30  INFO 457764 --- [org.springframework.kafka.KafkaListenerEndpointContainer#0-0-C-1] o.a.k.c.c.internals.ConsumerCoordinator  : [Consumer clientId=consumer-group-1-1, groupId=group-1] Resetting generation and member id due to: consumer pro-actively leaving the group
2023-11-10T17:25:07.742+05:30  INFO 457764 --- [org.springframework.kafka.KafkaListenerEndpointContainer#0-0-C-1] o.a.k.c.c.internals.ConsumerCoordinator  : [Consumer clientId=consumer-group-1-1, groupId=group-1] Request joining group due to: consumer pro-actively leaving the group
2023-11-10T17:25:07.743+05:30  INFO 457764 --- [org.springframework.kafka.KafkaListenerEndpointContainer#0-0-C-1] o.a.k.clients.consumer.KafkaConsumer     : [Consumer clientId=consumer-group-1-1, groupId=group-1] Unsubscribed all topics or patterns and assigned partitions
2023-11-10T17:25:07.763+05:30  INFO 457764 --- [org.springframework.kafka.KafkaListenerEndpointContainer#0-0-C-1] o.a.k.c.c.internals.ConsumerCoordinator  : [Consumer clientId=consumer-group-1-1, groupId=group-1] Resetting generation and member id due to: consumer pro-actively leaving the group
2023-11-10T17:25:07.764+05:30  INFO 457764 --- [org.springframework.kafka.KafkaListenerEndpointContainer#0-0-C-1] o.a.k.c.c.internals.ConsumerCoordinator  : [Consumer clientId=consumer-group-1-1, groupId=group-1] Request joining group due to: consumer pro-actively leaving the group
2023-11-10T17:25:07.774+05:30  INFO 457764 --- [org.springframework.kafka.KafkaListenerEndpointContainer#0-0-C-1] o.apache.kafka.common.metrics.Metrics    : Metrics scheduler closed
2023-11-10T17:25:07.775+05:30  INFO 457764 --- [org.springframework.kafka.KafkaListenerEndpointContainer#0-0-C-1] o.apache.kafka.common.metrics.Metrics    : Closing reporter org.apache.kafka.common.metrics.JmxReporter
2023-11-10T17:25:07.784+05:30  INFO 457764 --- [org.springframework.kafka.KafkaListenerEndpointContainer#0-0-C-1] o.apache.kafka.common.metrics.Metrics    : Metrics reporters closed
2023-11-10T17:25:07.828+05:30  INFO 457764 --- [org.springframework.kafka.KafkaListenerEndpointContainer#0-0-C-1] o.a.kafka.common.utils.AppInfoParser     : App info kafka.consumer for consumer-group-1-1 unregistered
2023-11-10T17:25:07.829+05:30  INFO 457764 --- [org.springframework.kafka.KafkaListenerEndpointContainer#0-0-C-1] o.s.k.l.KafkaMessageListenerContainer    : group-1: Consumer stopped
